#
# There is insufficient memory for the Java Runtime Environment to continue.
# Native memory allocation (malloc) failed to allocate 1928992 bytes for Chunk::new
# Possible reasons:
#   The system is out of physical RAM or swap space
#   In 32 bit mode, the process size limit was hit
# Possible solutions:
#   Reduce memory load on the system
#   Increase physical memory or swap space
#   Check if swap backing store is full
#   Use 64 bit Java on a 64 bit OS
#   Decrease Java heap size (-Xmx/-Xms)
#   Decrease number of Java threads
#   Decrease Java thread stack sizes (-Xss)
#   Set larger code cache with -XX:ReservedCodeCacheSize=
# This output file may be truncated or incomplete.
#
#  Out of Memory Error (allocation.cpp:390), pid=12388, tid=0x0000000000002714
#
# JRE version: OpenJDK Runtime Environment (8.0_152-b02) (build 1.8.0_152-release-1024-b02)
# Java VM: OpenJDK 64-Bit Server VM (25.152-b02 mixed mode windows-amd64 compressed oops)
# Failed to write core dump. Minidumps are not enabled by default on client versions of Windows
#

---------------  T H R E A D  ---------------

Current thread (0x0000000015270000):  JavaThread "C2 CompilerThread1" daemon [_thread_in_native, id=10004, stack(0x00000000169e0000,0x0000000016ae0000)]

Stack: [0x00000000169e0000,0x0000000016ae0000]
[error occurred during error reporting (printing stack bounds), id 0xc0000005]

Native frames: (J=compiled Java code, j=interpreted, Vv=VM code, C=native code)


Current CompileTask:
C2:  14719 4712       4       java.net.URLClassLoader$1::run (5 bytes)


---------------  P R O C E S S  ---------------

Java Threads: ( => current thread )
  0x0000000017eb4000 JavaThread "File lock request listener" [_thread_in_native, id=13308, stack(0x0000000019630000,0x0000000019730000)]
  0x0000000017eb7000 JavaThread "Stdin handler" [_thread_blocked, id=6344, stack(0x0000000019530000,0x0000000019630000)]
  0x0000000017eb3800 JavaThread "Daemon worker" [_thread_in_native, id=9436, stack(0x0000000019430000,0x0000000019530000)]
  0x0000000017eb8000 JavaThread "Cancel handler" [_thread_blocked, id=3092, stack(0x0000000019330000,0x0000000019430000)]
  0x0000000017eb5800 JavaThread "Handler for socket connection from /127.0.0.1:56774 to /127.0.0.1:56775" [_thread_in_native, id=8388, stack(0x0000000019230000,0x0000000019330000)]
  0x0000000017eb6800 JavaThread "Daemon" [_thread_blocked, id=11236, stack(0x0000000019130000,0x0000000019230000)]
  0x0000000017eb9800 JavaThread "Incoming local TCP Connector on port 56774" [_thread_in_native, id=16356, stack(0x0000000018e30000,0x0000000018f30000)]
  0x0000000016c08800 JavaThread "Service Thread" daemon [_thread_blocked, id=16108, stack(0x0000000016fe0000,0x00000000170e0000)]
  0x0000000015273800 JavaThread "C1 CompilerThread2" daemon [_thread_in_native, id=14224, stack(0x0000000016ae0000,0x0000000016be0000)]
=>0x0000000015270000 JavaThread "C2 CompilerThread1" daemon [_thread_in_native, id=10004, stack(0x00000000169e0000,0x0000000016ae0000)]
  0x000000001526d800 JavaThread "C2 CompilerThread0" daemon [_thread_in_native, id=328, stack(0x00000000168e0000,0x00000000169e0000)]
  0x000000001526c000 JavaThread "Attach Listener" daemon [_thread_blocked, id=12380, stack(0x00000000167e0000,0x00000000168e0000)]
  0x0000000015279800 JavaThread "Signal Dispatcher" daemon [_thread_blocked, id=4324, stack(0x00000000166e0000,0x00000000167e0000)]
  0x0000000015258800 JavaThread "Finalizer" daemon [_thread_blocked, id=9672, stack(0x00000000164e0000,0x00000000165e0000)]
  0x0000000002b94000 JavaThread "Reference Handler" daemon [_thread_blocked, id=7368, stack(0x00000000163e0000,0x00000000164e0000)]
  0x0000000002aa2800 JavaThread "main" [_thread_blocked, id=3032, stack(0x00000000029a0000,0x0000000002aa0000)]

Other Threads:
  0x0000000015235000 VMThread [stack: 0x00000000162e0000,0x00000000163e0000] [id=12980]
  0x0000000016c09000 WatcherThread [stack: 0x00000000170e0000,0x00000000171e0000] [id=5576]

VM state:not at safepoint (normal execution)

VM Mutex/Monitor currently owned by a thread: None

Heap:
 PSYoungGen      total 200704K, used 13544K [0x00000000eab00000, 0x00000000f7e80000, 0x0000000100000000)
  eden space 184832K, 5% used [0x00000000eab00000,0x00000000eb5b60e0,0x00000000f5f80000)
  from space 15872K, 16% used [0x00000000f5f80000,0x00000000f6204260,0x00000000f6f00000)
  to   space 8192K, 0% used [0x00000000f7680000,0x00000000f7680000,0x00000000f7e80000)
 ParOldGen       total 183296K, used 20536K [0x00000000c0000000, 0x00000000cb300000, 0x00000000eab00000)
  object space 183296K, 11% used [0x00000000c0000000,0x00000000c140e350,0x00000000cb300000)
 Metaspace       used 35293K, capacity 36586K, committed 36864K, reserved 1081344K
  class space    used 4323K, capacity 4756K, committed 4864K, reserved 1048576K

Card table byte_map: [0x0000000011f60000,0x0000000012170000] byte_map_base: 0x0000000011960000

Marking Bits: (ParMarkBitMap*) 0x0000000050f84970
 Begin Bits: [0x00000000126d0000, 0x00000000136d0000)
 End Bits:   [0x00000000136d0000, 0x00000000146d0000)

Polling page: 0x0000000001050000

CodeCache: size=245760Kb used=16028Kb max_used=16386Kb free=229731Kb
 bounds [0x0000000002ba0000, 0x0000000003bc0000, 0x0000000011ba0000]
 total_blobs=4886 nmethods=4171 adapters=627
 compilation: enabled

Compilation events (10 events):
Event: 14.696 Thread 0x0000000015273800 nmethod 4750 0x0000000002fc2690 code [0x0000000002fc2800, 0x0000000002fc29e8]
Event: 14.707 Thread 0x0000000015273800 4751       3       groovyjarjarantlr.RecognitionException::<init> (22 bytes)
Event: 14.707 Thread 0x0000000015273800 nmethod 4751 0x0000000002e64fd0 code [0x0000000002e65140, 0x0000000002e653c8]
Event: 14.708 Thread 0x0000000015273800 4752       3       org.codehaus.groovy.antlr.parser.GroovyRecognizer::primaryExpression (922 bytes)
Event: 14.711 Thread 0x0000000015273800 nmethod 4752 0x000000000385cbd0 code [0x000000000385d220, 0x00000000038615a8]
Event: 14.715 Thread 0x0000000015273800 4754       1       org.codehaus.groovy.ast.expr.Expression::setType (6 bytes)
Event: 14.715 Thread 0x0000000015273800 nmethod 4754 0x0000000003927810 code [0x0000000003927960, 0x0000000003927a90]
Event: 14.715 Thread 0x0000000015273800 4755       3       org.codehaus.groovy.antlr.AntlrParserPlugin::expressionSwitch (1519 bytes)
Event: 14.717 Thread 0x0000000015273800 nmethod 4755 0x0000000003761310 code [0x0000000003761c40, 0x0000000003765c08]
Event: 14.717 Thread 0x0000000015273800 4762       3       groovyjarjarantlr.BaseAST::getNumberOfChildren (35 bytes)

GC Heap History (10 events):
Event: 4.069 GC heap before
{Heap before GC invocations=7 (full 1):
 PSYoungGen      total 99328K, used 93741K [0x00000000eab00000, 0x00000000f4480000, 0x0000000100000000)
  eden space 88576K, 100% used [0x00000000eab00000,0x00000000f0180000,0x00000000f0180000)
  from space 10752K, 48% used [0x00000000f0180000,0x00000000f068b4e0,0x00000000f0c00000)
  to   space 12800K, 0% used [0x00000000f3800000,0x00000000f3800000,0x00000000f4480000)
 ParOldGen       total 118272K, used 11073K [0x00000000c0000000, 0x00000000c7380000, 0x00000000eab00000)
  object space 118272K, 9% used [0x00000000c0000000,0x00000000c0ad05b8,0x00000000c7380000)
 Metaspace       used 27232K, capacity 28082K, committed 28416K, reserved 1073152K
  class space    used 3434K, capacity 3744K, committed 3840K, reserved 1048576K
Event: 4.078 GC heap after
Heap after GC invocations=7 (full 1):
 PSYoungGen      total 143872K, used 8326K [0x00000000eab00000, 0x00000000f4600000, 0x0000000100000000)
  eden space 131072K, 0% used [0x00000000eab00000,0x00000000eab00000,0x00000000f2b00000)
  from space 12800K, 65% used [0x00000000f3800000,0x00000000f4021860,0x00000000f4480000)
  to   space 13312K, 0% used [0x00000000f2b00000,0x00000000f2b00000,0x00000000f3800000)
 ParOldGen       total 118272K, used 11081K [0x00000000c0000000, 0x00000000c7380000, 0x00000000eab00000)
  object space 118272K, 9% used [0x00000000c0000000,0x00000000c0ad25b8,0x00000000c7380000)
 Metaspace       used 27232K, capacity 28082K, committed 28416K, reserved 1073152K
  class space    used 3434K, capacity 3744K, committed 3840K, reserved 1048576K
}
Event: 6.304 GC heap before
{Heap before GC invocations=8 (full 1):
 PSYoungGen      total 143872K, used 70796K [0x00000000eab00000, 0x00000000f4600000, 0x0000000100000000)
  eden space 131072K, 47% used [0x00000000eab00000,0x00000000ee8019e8,0x00000000f2b00000)
  from space 12800K, 65% used [0x00000000f3800000,0x00000000f4021860,0x00000000f4480000)
  to   space 13312K, 0% used [0x00000000f2b00000,0x00000000f2b00000,0x00000000f3800000)
 ParOldGen       total 118272K, used 11081K [0x00000000c0000000, 0x00000000c7380000, 0x00000000eab00000)
  object space 118272K, 9% used [0x00000000c0000000,0x00000000c0ad25b8,0x00000000c7380000)
 Metaspace       used 34202K, capacity 35266K, committed 35456K, reserved 1079296K
  class space    used 4282K, capacity 4650K, committed 4736K, reserved 1048576K
Event: 6.325 GC heap after
Heap after GC invocations=8 (full 1):
 PSYoungGen      total 144384K, used 13307K [0x00000000eab00000, 0x00000000f8600000, 0x0000000100000000)
  eden space 131072K, 0% used [0x00000000eab00000,0x00000000eab00000,0x00000000f2b00000)
  from space 13312K, 99% used [0x00000000f2b00000,0x00000000f37fec08,0x00000000f3800000)
  to   space 15872K, 0% used [0x00000000f7680000,0x00000000f7680000,0x00000000f8600000)
 ParOldGen       total 118272K, used 11438K [0x00000000c0000000, 0x00000000c7380000, 0x00000000eab00000)
  object space 118272K, 9% used [0x00000000c0000000,0x00000000c0b2b928,0x00000000c7380000)
 Metaspace       used 34202K, capacity 35266K, committed 35456K, reserved 1079296K
  class space    used 4282K, capacity 4650K, committed 4736K, reserved 1048576K
}
Event: 6.325 GC heap before
{Heap before GC invocations=9 (full 2):
 PSYoungGen      total 144384K, used 13307K [0x00000000eab00000, 0x00000000f8600000, 0x0000000100000000)
  eden space 131072K, 0% used [0x00000000eab00000,0x00000000eab00000,0x00000000f2b00000)
  from space 13312K, 99% used [0x00000000f2b00000,0x00000000f37fec08,0x00000000f3800000)
  to   space 15872K, 0% used [0x00000000f7680000,0x00000000f7680000,0x00000000f8600000)
 ParOldGen       total 118272K, used 11438K [0x00000000c0000000, 0x00000000c7380000, 0x00000000eab00000)
  object space 118272K, 9% used [0x00000000c0000000,0x00000000c0b2b928,0x00000000c7380000)
 Metaspace       used 34202K, capacity 35266K, committed 35456K, reserved 1079296K
  class space    used 4282K, capacity 4650K, committed 4736K, reserved 1048576K
Event: 6.376 GC heap after
Heap after GC invocations=9 (full 2):
 PSYoungGen      total 144384K, used 0K [0x00000000eab00000, 0x00000000f8600000, 0x0000000100000000)
  eden space 131072K, 0% used [0x00000000eab00000,0x00000000eab00000,0x00000000f2b00000)
  from space 13312K, 0% used [0x00000000f2b00000,0x00000000f2b00000,0x00000000f3800000)
  to   space 15872K, 0% used [0x00000000f7680000,0x00000000f7680000,0x00000000f8600000)
 ParOldGen       total 183296K, used 20528K [0x00000000c0000000, 0x00000000cb300000, 0x00000000eab00000)
  object space 183296K, 11% used [0x00000000c0000000,0x00000000c140c350,0x00000000cb300000)
 Metaspace       used 34202K, capacity 35266K, committed 35456K, reserved 1079296K
  class space    used 4282K, capacity 4650K, committed 4736K, reserved 1048576K
}
Event: 14.278 GC heap before
{Heap before GC invocations=10 (full 2):
 PSYoungGen      total 144384K, used 131072K [0x00000000eab00000, 0x00000000f8600000, 0x0000000100000000)
  eden space 131072K, 100% used [0x00000000eab00000,0x00000000f2b00000,0x00000000f2b00000)
  from space 13312K, 0% used [0x00000000f2b00000,0x00000000f2b00000,0x00000000f3800000)
  to   space 15872K, 0% used [0x00000000f7680000,0x00000000f7680000,0x00000000f8600000)
 ParOldGen       total 183296K, used 20528K [0x00000000c0000000, 0x00000000cb300000, 0x00000000eab00000)
  object space 183296K, 11% used [0x00000000c0000000,0x00000000c140c350,0x00000000cb300000)
 Metaspace       used 35094K, capacity 36166K, committed 36480K, reserved 1081344K
  class space    used 4305K, capacity 4688K, committed 4736K, reserved 1048576K
Event: 14.280 GC heap after
Heap after GC invocations=10 (full 2):
 PSYoungGen      total 193024K, used 2161K [0x00000000eab00000, 0x00000000f7e80000, 0x0000000100000000)
  eden space 184832K, 0% used [0x00000000eab00000,0x00000000eab00000,0x00000000f5f80000)
  from space 8192K, 26% used [0x00000000f7680000,0x00000000f789c470,0x00000000f7e80000)
  to   space 15872K, 0% used [0x00000000f5f80000,0x00000000f5f80000,0x00000000f6f00000)
 ParOldGen       total 183296K, used 20536K [0x00000000c0000000, 0x00000000cb300000, 0x00000000eab00000)
  object space 183296K, 11% used [0x00000000c0000000,0x00000000c140e350,0x00000000cb300000)
 Metaspace       used 35094K, capacity 36166K, committed 36480K, reserved 1081344K
  class space    used 4305K, capacity 4688K, committed 4736K, reserved 1048576K
}
Event: 14.640 GC heap before
{Heap before GC invocations=11 (full 2):
 PSYoungGen      total 193024K, used 186993K [0x00000000eab00000, 0x00000000f7e80000, 0x0000000100000000)
  eden space 184832K, 100% used [0x00000000eab00000,0x00000000f5f80000,0x00000000f5f80000)
  from space 8192K, 26% used [0x00000000f7680000,0x00000000f789c470,0x00000000f7e80000)
  to   space 15872K, 0% used [0x00000000f5f80000,0x00000000f5f80000,0x00000000f6f00000)
 ParOldGen       total 183296K, used 20536K [0x00000000c0000000, 0x00000000cb300000, 0x00000000eab00000)
  object space 183296K, 11% used [0x00000000c0000000,0x00000000c140e350,0x00000000cb300000)
 Metaspace       used 35096K, capacity 36166K, committed 36480K, reserved 1081344K
  class space    used 4305K, capacity 4688K, committed 4736K, reserved 1048576K
Event: 14.645 GC heap after
Heap after GC invocations=11 (full 2):
 PSYoungGen      total 200704K, used 2576K [0x00000000eab00000, 0x00000000f7e80000, 0x0000000100000000)
  eden space 184832K, 0% used [0x00000000eab00000,0x00000000eab00000,0x00000000f5f80000)
  from space 15872K, 16% used [0x00000000f5f80000,0x00000000f6204260,0x00000000f6f00000)
  to   space 8192K, 0% used [0x00000000f7680000,0x00000000f7680000,0x00000000f7e80000)
 ParOldGen       total 183296K, used 20536K [0x00000000c0000000, 0x00000000cb300000, 0x00000000eab00000)
  object space 183296K, 11% used [0x00000000c0000000,0x00000000c140e350,0x00000000cb300000)
 Metaspace       used 35096K, capacity 36166K, committed 36480K, reserved 1081344K
  class space    used 4305K, capacity 4688K, committed 4736K, reserved 1048576K
}

Deoptimization events (10 events):
Event: 8.871 Thread 0x0000000017eb3800 Uncommon trap: reason=array_check action=maybe_recompile pc=0x0000000002d6bf94 method=java.util.AbstractCollection.toArray([Ljava/lang/Object;)[Ljava/lang/Object; @ 119
Event: 8.877 Thread 0x0000000017eb3800 Uncommon trap: reason=array_check action=maybe_recompile pc=0x0000000002d6bf94 method=java.util.AbstractCollection.toArray([Ljava/lang/Object;)[Ljava/lang/Object; @ 119
Event: 8.878 Thread 0x0000000017eb3800 Uncommon trap: reason=array_check action=maybe_recompile pc=0x0000000002d6bf94 method=java.util.AbstractCollection.toArray([Ljava/lang/Object;)[Ljava/lang/Object; @ 119
Event: 9.363 Thread 0x0000000017eb3800 Uncommon trap: reason=bimorphic action=maybe_recompile pc=0x0000000002d7a568 method=java.util.regex.Pattern$Curly.match0(Ljava/util/regex/Matcher;IILjava/lang/CharSequence;)Z @ 170
Event: 9.363 Thread 0x0000000017eb3800 Uncommon trap: reason=bimorphic action=maybe_recompile pc=0x0000000002d7a568 method=java.util.regex.Pattern$Curly.match0(Ljava/util/regex/Matcher;IILjava/lang/CharSequence;)Z @ 170
Event: 9.363 Thread 0x0000000017eb3800 Uncommon trap: reason=bimorphic action=maybe_recompile pc=0x0000000002d7a568 method=java.util.regex.Pattern$Curly.match0(Ljava/util/regex/Matcher;IILjava/lang/CharSequence;)Z @ 170
Event: 9.363 Thread 0x0000000017eb3800 Uncommon trap: reason=bimorphic action=maybe_recompile pc=0x0000000002d7a568 method=java.util.regex.Pattern$Curly.match0(Ljava/util/regex/Matcher;IILjava/lang/CharSequence;)Z @ 170
Event: 9.395 Thread 0x0000000017eb3800 Uncommon trap: reason=unstable_if action=reinterpret pc=0x0000000003a82700 method=com.sun.crypto.provider.GaloisCounterMode.increment32([B)V @ 39
Event: 9.395 Thread 0x0000000017eb3800 Uncommon trap: reason=unstable_if action=reinterpret pc=0x0000000003a10958 method=com.sun.crypto.provider.GaloisCounterMode.increment32([B)V @ 39
Event: 9.396 Thread 0x0000000017eb3800 Uncommon trap: reason=unstable_if action=reinterpret pc=0x00000000039ee54c method=com.sun.crypto.provider.GaloisCounterMode.increment32([B)V @ 39

Classes redefined (0 events):
No events

Internal exceptions (10 events):
Event: 14.110 Thread 0x0000000017eb3800 Exception <a 'java/net/SocketTimeoutException': Read timed out> (0x00000000f1e43ea0) thrown at [D:\src\AOSP-openjdk-cygwin\jdk8u\hotspot\src\share\vm\prims\jni.cpp, line 735]
Event: 14.136 Thread 0x0000000017eb3800 Exception <a 'java/net/SocketTimeoutException': Read timed out> (0x00000000f1e4c868) thrown at [D:\src\AOSP-openjdk-cygwin\jdk8u\hotspot\src\share\vm\prims\jni.cpp, line 735]
Event: 14.214 Thread 0x0000000017eb3800 Exception <a 'java/security/PrivilegedActionException'> (0x00000000f1ed9928) thrown at [D:\src\AOSP-openjdk-cygwin\jdk8u\hotspot\src\share\vm\prims\jvm.cpp, line 1390]
Event: 14.214 Thread 0x0000000017eb3800 Exception <a 'java/security/PrivilegedActionException'> (0x00000000f1eda0f0) thrown at [D:\src\AOSP-openjdk-cygwin\jdk8u\hotspot\src\share\vm\prims\jvm.cpp, line 1390]
Event: 14.230 Thread 0x0000000017eb3800 Exception <a 'java/security/PrivilegedActionException'> (0x00000000f1fd69b0) thrown at [D:\src\AOSP-openjdk-cygwin\jdk8u\hotspot\src\share\vm\prims\jvm.cpp, line 1390]
Event: 14.230 Thread 0x0000000017eb3800 Exception <a 'java/security/PrivilegedActionException'> (0x00000000f1fd7178) thrown at [D:\src\AOSP-openjdk-cygwin\jdk8u\hotspot\src\share\vm\prims\jvm.cpp, line 1390]
Event: 14.231 Thread 0x0000000017eb3800 Exception <a 'java/security/PrivilegedActionException'> (0x00000000f1fd94b0) thrown at [D:\src\AOSP-openjdk-cygwin\jdk8u\hotspot\src\share\vm\prims\jvm.cpp, line 1390]
Event: 14.231 Thread 0x0000000017eb3800 Exception <a 'java/security/PrivilegedActionException'> (0x00000000f1fd9c78) thrown at [D:\src\AOSP-openjdk-cygwin\jdk8u\hotspot\src\share\vm\prims\jvm.cpp, line 1390]
Event: 14.682 Thread 0x0000000017eb3800 Exception <a 'java/lang/ClassNotFoundException': build_6o1enuyomgq0ye7qmstlbe8n3BeanInfo> (0x00000000eb323140) thrown at [D:\src\AOSP-openjdk-cygwin\jdk8u\hotspot\src\share\vm\classfile\systemDictionary.cpp, line 210]
Event: 14.683 Thread 0x0000000017eb3800 Exception <a 'java/lang/ClassNotFoundException': build_6o1enuyomgq0ye7qmstlbe8n3Customizer> (0x00000000eb32e350) thrown at [D:\src\AOSP-openjdk-cygwin\jdk8u\hotspot\src\share\vm\classfile\systemDictionary.cpp, line 210]

Events (10 events):
Event: 14.690 loading class org/gradle/model/internal/core/ProjectionBackedModelCreator$DefaultModelPromise
Event: 14.690 loading class org/gradle/model/internal/core/ProjectionBackedModelCreator$DefaultModelPromise done
Event: 14.690 loading class org/gradle/model/internal/core/InstanceModelView
Event: 14.690 loading class org/gradle/model/internal/core/InstanceModelView done
Event: 14.713 loading class org/codehaus/groovy/syntax/Numbers
Event: 14.713 loading class org/codehaus/groovy/syntax/Numbers done
Event: 14.714 loading class java/math/BigDecimal$1
Event: 14.714 loading class java/math/BigDecimal$1 done
Event: 14.714 loading class java/math/MathContext
Event: 14.714 loading class java/math/MathContext done


Dynamic libraries:
0x00007ff790eb0000 - 0x00007ff790ee1000 	C:\Program Files\Android\Android Studio\jre\bin\java.exe
0x00007fff54fd0000 - 0x00007fff551b1000 	C:\WINDOWS\SYSTEM32\ntdll.dll
0x00007fff53090000 - 0x00007fff53142000 	C:\WINDOWS\System32\KERNEL32.DLL
0x00007fff51ab0000 - 0x00007fff51d23000 	C:\WINDOWS\System32\KERNELBASE.dll
0x00007fff54920000 - 0x00007fff549c1000 	C:\WINDOWS\System32\ADVAPI32.dll
0x00007fff52fd0000 - 0x00007fff5306e000 	C:\WINDOWS\System32\msvcrt.dll
0x00007fff52600000 - 0x00007fff5265b000 	C:\WINDOWS\System32\sechost.dll
0x00007fff52460000 - 0x00007fff52584000 	C:\WINDOWS\System32\RPCRT4.dll
0x00007fff52e40000 - 0x00007fff52fd0000 	C:\WINDOWS\System32\USER32.dll
0x00007fff52440000 - 0x00007fff52460000 	C:\WINDOWS\System32\win32u.dll
0x00007fff54ac0000 - 0x00007fff54ae8000 	C:\WINDOWS\System32\GDI32.dll
0x00007fff52100000 - 0x00007fff52292000 	C:\WINDOWS\System32\gdi32full.dll
0x00007fff523a0000 - 0x00007fff5243f000 	C:\WINDOWS\System32\msvcp_win.dll
0x00007fff522a0000 - 0x00007fff5239a000 	C:\WINDOWS\System32\ucrtbase.dll
0x00007fff41360000 - 0x00007fff415c9000 	C:\WINDOWS\WinSxS\amd64_microsoft.windows.common-controls_6595b64144ccf1df_6.0.17134.48_none_b4b2216a3cb4dd3e\COMCTL32.dll
0x00007fff53150000 - 0x00007fff53473000 	C:\WINDOWS\System32\combase.dll
0x00007fff52030000 - 0x00007fff520aa000 	C:\WINDOWS\System32\bcryptPrimitives.dll
0x00007fff528d0000 - 0x00007fff528fd000 	C:\WINDOWS\System32\IMM32.DLL
0x0000000050600000 - 0x00000000506d2000 	C:\Program Files\Android\Android Studio\jre\jre\bin\msvcr100.dll
0x00000000507c0000 - 0x0000000050fff000 	C:\Program Files\Android\Android Studio\jre\jre\bin\server\jvm.dll
0x00007fff528c0000 - 0x00007fff528c8000 	C:\WINDOWS\System32\PSAPI.DLL
0x00007fff42880000 - 0x00007fff4288a000 	C:\WINDOWS\SYSTEM32\VERSION.dll
0x00007fff4f610000 - 0x00007fff4f633000 	C:\WINDOWS\SYSTEM32\WINMM.dll
0x00007fff4f210000 - 0x00007fff4f219000 	C:\WINDOWS\SYSTEM32\WSOCK32.dll
0x00007fff52590000 - 0x00007fff525fc000 	C:\WINDOWS\System32\WS2_32.dll
0x00007fff4f5d0000 - 0x00007fff4f5fa000 	C:\WINDOWS\SYSTEM32\winmmbase.dll
0x00007fff520b0000 - 0x00007fff520f9000 	C:\WINDOWS\System32\cfgmgr32.dll
0x00007fff4efd0000 - 0x00007fff4efdf000 	C:\Program Files\Android\Android Studio\jre\jre\bin\verify.dll
0x00007fff4aeb0000 - 0x00007fff4aed9000 	C:\Program Files\Android\Android Studio\jre\jre\bin\java.dll
0x00007fff4b200000 - 0x00007fff4b216000 	C:\Program Files\Android\Android Studio\jre\jre\bin\zip.dll
0x00007fff534e0000 - 0x00007fff54920000 	C:\WINDOWS\System32\SHELL32.dll
0x00007fff52900000 - 0x00007fff529a9000 	C:\WINDOWS\System32\shcore.dll
0x00007fff513a0000 - 0x00007fff51aad000 	C:\WINDOWS\System32\windows.storage.dll
0x00007fff54af0000 - 0x00007fff54b41000 	C:\WINDOWS\System32\shlwapi.dll
0x00007fff51340000 - 0x00007fff51351000 	C:\WINDOWS\System32\kernel.appcore.dll
0x00007fff51360000 - 0x00007fff5137f000 	C:\WINDOWS\System32\profapi.dll
0x00007fff512e0000 - 0x00007fff5132c000 	C:\WINDOWS\System32\powrprof.dll
0x00007fff51330000 - 0x00007fff5133a000 	C:\WINDOWS\System32\FLTLIB.DLL
0x00007fff50d20000 - 0x00007fff50d37000 	C:\WINDOWS\SYSTEM32\CRYPTSP.dll
0x00007fff506e0000 - 0x00007fff50713000 	C:\WINDOWS\system32\rsaenh.dll
0x00007fff50e40000 - 0x00007fff50e65000 	C:\WINDOWS\SYSTEM32\bcrypt.dll
0x00007fff511e0000 - 0x00007fff51208000 	C:\WINDOWS\SYSTEM32\USERENV.dll
0x00007fff50d10000 - 0x00007fff50d1b000 	C:\WINDOWS\SYSTEM32\CRYPTBASE.dll
0x00007fff4ae90000 - 0x00007fff4aeaa000 	C:\Program Files\Android\Android Studio\jre\jre\bin\net.dll
0x00007fff50b60000 - 0x00007fff50bc6000 	C:\WINDOWS\system32\mswsock.dll
0x00007fff508e0000 - 0x00007fff50918000 	C:\WINDOWS\SYSTEM32\IPHLPAPI.DLL
0x00007fff52700000 - 0x00007fff52708000 	C:\WINDOWS\System32\NSI.dll
0x00007fff4c6b0000 - 0x00007fff4c6c6000 	C:\WINDOWS\SYSTEM32\dhcpcsvc6.DLL
0x00007fff4c680000 - 0x00007fff4c69a000 	C:\WINDOWS\SYSTEM32\dhcpcsvc.DLL
0x00007fff49e20000 - 0x00007fff49e31000 	C:\Program Files\Android\Android Studio\jre\jre\bin\nio.dll
0x00007fff3f380000 - 0x00007fff3f392000 	C:\Users\Us01\AppData\Local\Temp\native-platform3744192519944773814dir\native-platform.dll
0x00007fff45e40000 - 0x00007fff45e64000 	C:\Program Files\Android\Android Studio\jre\jre\bin\sunec.dll
0x00007fff50920000 - 0x00007fff509de000 	C:\WINDOWS\SYSTEM32\DNSAPI.dll
0x00007fff468f0000 - 0x00007fff468fa000 	C:\Windows\System32\rasadhlp.dll
0x00007fff4c910000 - 0x00007fff4c982000 	C:\WINDOWS\System32\fwpuclnt.dll
0x00007fff4c5d0000 - 0x00007fff4c5db000 	C:\Program Files\Android\Android Studio\jre\jre\bin\sunmscapi.dll
0x00007fff51de0000 - 0x00007fff51fc2000 	C:\WINDOWS\System32\CRYPT32.dll
0x00007fff51380000 - 0x00007fff51392000 	C:\WINDOWS\System32\MSASN1.dll

VM Arguments:
jvm_args: -XX:MaxPermSize=256m -XX:+HeapDumpOnOutOfMemoryError -Xmx1024m -Dfile.encoding=windows-1251 -Duser.country=RU -Duser.language=ru -Duser.variant 
java_command: org.gradle.launcher.daemon.bootstrap.GradleDaemon 2.2.1 C:\Users\Us01\.gradle\daemon 10800000 a1704761-07c2-43cb-9c0a-bc41aeba51d6 -XX:MaxPermSize=256m -XX:+HeapDumpOnOutOfMemoryError -Xmx1024m -Dfile.encoding=windows-1251 -Duser.country=RU -Duser.language=ru -Duser.variant
java_class_path (initial): C:\Users\Us01\.gradle\wrapper\dists\gradle-2.2.1-all\c64ydeuardnfqctvr1gm30w53\gradle-2.2.1\lib\gradle-launcher-2.2.1.jar
Launcher Type: SUN_STANDARD

Environment Variables:
PATH=C:\Program Files (x86)\Common Files\Oracle\Java\javapath;D:\Oracle\product\11.2.0\client_2\bin;D:\Oracle\product\11.2.0\client_1\bin;C:\ProgramData\Oracle\Java\javapath;C:\Program Files (x86)\Intel\iCLS Client\;C:\Program Files\Intel\iCLS Client\;C:\WINDOWS\system32;C:\WINDOWS;C:\WINDOWS\System32\Wbem;C:\WINDOWS\System32\WindowsPowerShell\v1.0\;C:\SSHBitviseClient;C:\Program Files (x86)\Intel\Platform Flash Tool Lite;C:\Program Files (x86)\Intel\Intel(R) Management Engine Components\DAL;C:\Program Files\Intel\Intel(R) Management Engine Components\DAL;C:\Program Files (x86)\Intel\Intel(R) Management Engine Components\IPT;C:\Program Files\Intel\Intel(R) Management Engine Components\IPT;C:\WINDOWS\System32\OpenSSH\;C:\Users\Us01\AppData\Local\Microsoft\WindowsApps;D:\Oracle\product\11.2.0\client_2\BIN;
USERNAME=A.Kliusa
OS=Windows_NT
PROCESSOR_IDENTIFIER=Intel64 Family 6 Model 94 Stepping 3, GenuineIntel



---------------  S Y S T E M  ---------------

OS: Windows 10.0 , 64 bit Build 17134 (10.0.17134.1)

CPU:total 4 (initial active 4) (4 cores per cpu, 1 threads per core) family 6 model 94 stepping 3, cmov, cx8, fxsr, mmx, sse, sse2, sse3, ssse3, sse4.1, sse4.2, popcnt, avx, avx2, aes, clmul, erms, rtm, 3dnowpref, lzcnt, tsc, tscinvbit, bmi1, bmi2, adx

Memory: 4k page, physical 16654944k(1416372k free), swap 17474144k(8036k free)

vm_info: OpenJDK 64-Bit Server VM (25.152-b02) for windows-amd64 JRE (1.8.0_152-release-1024-b02), built by "builder" with MS VC++ 10.0 (VS2010)

time: Tue Jun 12 11:52:17 2018
elapsed time: 14 seconds (0d 0h 0m 14s)

